Running in Lattice mode


Starting:    C:\lscc\iCEcube2.2020.12\synpbase\bin64\mbin\synbatch.exe
Install:     C:\lscc\iCEcube2.2020.12\synpbase
Hostname:    ROHANKARUNA560C
Date:        Mon Jun 26 19:07:25 2023
Version:     L-2016.09L+ice40

Arguments:   -product synplify_pro -batch dac_syn.prj
ProductType: synplify_pro





log file: "C:\rohankarunaratne\LatticeSemi\digital_to_analog\dac\dac_Implmnt\dac.srr"
Running: dac_Implmnt in foreground

Running dac_syn|dac_Implmnt

Running: compile (Compile) on dac_syn|dac_Implmnt
# Mon Jun 26 19:07:25 2023

Running: compile_flow (Compile Process) on dac_syn|dac_Implmnt
# Mon Jun 26 19:07:25 2023

Running: compiler (Compile Input) on dac_syn|dac_Implmnt
# Mon Jun 26 19:07:25 2023
Copied C:\rohankarunaratne\LatticeSemi\digital_to_analog\dac\dac_Implmnt\synwork\dac_comp.srs to C:\rohankarunaratne\LatticeSemi\digital_to_analog\dac\dac_Implmnt\dac.srs

compiler completed
# Mon Jun 26 19:07:27 2023

Return Code: 0
Run Time:00h:00m:02s

Running: multi_srs_gen (Multi-srs Generator) on dac_syn|dac_Implmnt
# Mon Jun 26 19:07:27 2023

multi_srs_gen completed
# Mon Jun 26 19:07:27 2023

Return Code: 0
Run Time:00h:00m:00s
Copied C:\rohankarunaratne\LatticeSemi\digital_to_analog\dac\dac_Implmnt\synwork\dac_mult.srs to C:\rohankarunaratne\LatticeSemi\digital_to_analog\dac\dac_Implmnt\dac.srs
Complete: Compile Process on dac_syn|dac_Implmnt

Running: premap (Pre-mapping) on dac_syn|dac_Implmnt
# Mon Jun 26 19:07:27 2023

premap completed
# Mon Jun 26 19:07:28 2023

Return Code: 0
Run Time:00h:00m:01s
Complete: Compile on dac_syn|dac_Implmnt

Running: map (Map) on dac_syn|dac_Implmnt
# Mon Jun 26 19:07:28 2023
License granted for 4 parallel jobs

Running: fpga_mapper (Map & Optimize) on dac_syn|dac_Implmnt
# Mon Jun 26 19:07:28 2023
Copied C:\rohankarunaratne\LatticeSemi\digital_to_analog\dac\dac_Implmnt\synwork\dac_m.srm to C:\rohankarunaratne\LatticeSemi\digital_to_analog\dac\dac_Implmnt\dac.srm

fpga_mapper completed
# Mon Jun 26 19:07:29 2023

Return Code: 0
Run Time:00h:00m:01s
Complete: Map on dac_syn|dac_Implmnt
Complete: Logic Synthesis on dac_syn|dac_Implmnt

exit status=0

exit status=0

